<?xml version="1.0" encoding="UTF-8"?>
<coverage generated="1703076748522" clover="3.2.0">
  <project timestamp="1703076748522" name="All files">
    <metrics statements="100" coveredstatements="95" conditionals="11" coveredconditionals="10" methods="0" coveredmethods="0" elements="111" coveredelements="105" complexity="0" loc="100" ncloc="100" packages="1" files="3" classes="3"/>
    <file name="01-requestcount.js" path="/home/vaibhavi/coding/100xDevs/assignments/week-3/01-middlewares/01-requestcount.js">
      <metrics statements="30" coveredstatements="28" conditionals="2" coveredconditionals="2" methods="0" coveredmethods="0"/>
      <line num="1" count="1" type="stmt"/>
      <line num="2" count="1" type="stmt"/>
      <line num="3" count="1" type="stmt"/>
      <line num="4" count="1" type="stmt"/>
      <line num="5" count="1" type="stmt"/>
      <line num="6" count="1" type="stmt"/>
      <line num="7" count="1" type="stmt"/>
      <line num="8" count="1" type="stmt"/>
      <line num="9" count="1" type="stmt"/>
      <line num="10" count="1" type="stmt"/>
      <line num="11" count="1" type="stmt"/>
      <line num="12" count="1" type="stmt"/>
      <line num="13" count="1" type="cond" truecount="1" falsecount="0"/>
      <line num="14" count="1" type="stmt"/>
      <line num="15" count="1" type="stmt"/>
      <line num="16" count="1" type="stmt"/>
      <line num="17" count="1" type="stmt"/>
      <line num="18" count="1" type="stmt"/>
      <line num="19" count="0" type="stmt"/>
      <line num="20" count="1" type="stmt"/>
      <line num="21" count="1" type="stmt"/>
      <line num="22" count="1" type="stmt"/>
      <line num="23" count="0" type="stmt"/>
      <line num="24" count="1" type="stmt"/>
      <line num="25" count="1" type="stmt"/>
      <line num="26" count="1" type="cond" truecount="1" falsecount="0"/>
      <line num="27" count="1" type="stmt"/>
      <line num="28" count="1" type="stmt"/>
      <line num="29" count="1" type="stmt"/>
      <line num="30" count="1" type="stmt"/>
    </file>
    <file name="02-ratelimitter.js" path="/home/vaibhavi/coding/100xDevs/assignments/week-3/01-middlewares/02-ratelimitter.js">
      <metrics statements="38" coveredstatements="37" conditionals="5" coveredconditionals="5" methods="0" coveredmethods="0"/>
      <line num="1" count="1" type="stmt"/>
      <line num="2" count="1" type="stmt"/>
      <line num="3" count="1" type="stmt"/>
      <line num="4" count="1" type="stmt"/>
      <line num="5" count="1" type="stmt"/>
      <line num="6" count="1" type="stmt"/>
      <line num="7" count="1" type="stmt"/>
      <line num="8" count="1" type="stmt"/>
      <line num="9" count="1" type="stmt"/>
      <line num="10" count="1" type="stmt"/>
      <line num="11" count="1" type="stmt"/>
      <line num="12" count="1" type="stmt"/>
      <line num="13" count="1" type="stmt"/>
      <line num="14" count="1" type="stmt"/>
      <line num="15" count="1" type="cond" truecount="1" falsecount="0"/>
      <line num="16" count="2" type="stmt"/>
      <line num="17" count="1" type="stmt"/>
      <line num="18" count="1" type="stmt"/>
      <line num="19" count="1" type="cond" truecount="1" falsecount="0"/>
      <line num="20" count="13" type="stmt"/>
      <line num="21" count="13" type="stmt"/>
      <line num="22" count="13" type="stmt"/>
      <line num="23" count="13" type="stmt"/>
      <line num="24" count="13" type="cond" truecount="1" falsecount="0"/>
      <line num="25" count="7" type="stmt"/>
      <line num="26" count="7" type="cond" truecount="1" falsecount="0"/>
      <line num="27" count="6" type="stmt"/>
      <line num="28" count="1" type="stmt"/>
      <line num="29" count="1" type="stmt"/>
      <line num="30" count="1" type="cond" truecount="1" falsecount="0"/>
      <line num="31" count="6" type="stmt"/>
      <line num="32" count="1" type="stmt"/>
      <line num="33" count="1" type="stmt"/>
      <line num="34" count="1" type="stmt"/>
      <line num="35" count="0" type="stmt"/>
      <line num="36" count="1" type="stmt"/>
      <line num="37" count="1" type="stmt"/>
      <line num="38" count="1" type="stmt"/>
    </file>
    <file name="03-errorcount.js" path="/home/vaibhavi/coding/100xDevs/assignments/week-3/01-middlewares/03-errorcount.js">
      <metrics statements="32" coveredstatements="30" conditionals="4" coveredconditionals="3" methods="0" coveredmethods="0"/>
      <line num="1" count="1" type="stmt"/>
      <line num="2" count="1" type="stmt"/>
      <line num="3" count="1" type="stmt"/>
      <line num="4" count="1" type="stmt"/>
      <line num="5" count="1" type="stmt"/>
      <line num="6" count="1" type="stmt"/>
      <line num="7" count="1" type="stmt"/>
      <line num="8" count="1" type="stmt"/>
      <line num="9" count="1" type="stmt"/>
      <line num="10" count="1" type="stmt"/>
      <line num="11" count="1" type="stmt"/>
      <line num="12" count="1" type="stmt"/>
      <line num="13" count="1" type="cond" truecount="1" falsecount="0"/>
      <line num="14" count="11" type="cond" truecount="0" falsecount="1"/>
      <line num="15" count="0" type="stmt"/>
      <line num="16" count="1" type="stmt"/>
      <line num="17" count="1" type="stmt"/>
      <line num="18" count="1" type="stmt"/>
      <line num="19" count="0" type="stmt"/>
      <line num="20" count="1" type="stmt"/>
      <line num="21" count="1" type="stmt"/>
      <line num="22" count="1" type="cond" truecount="1" falsecount="0"/>
      <line num="23" count="2" type="stmt"/>
      <line num="24" count="1" type="stmt"/>
      <line num="25" count="1" type="stmt"/>
      <line num="26" count="1" type="stmt"/>
      <line num="27" count="1" type="cond" truecount="1" falsecount="0"/>
      <line num="28" count="11" type="stmt"/>
      <line num="29" count="11" type="stmt"/>
      <line num="30" count="1" type="stmt"/>
      <line num="31" count="1" type="stmt"/>
      <line num="32" count="1" type="stmt"/>
    </file>
  </project>
</coverage>
